#
# A fatal error has been detected by the Java Runtime Environment:
#
#  SIGBUS (0xa) at pc=0x000000010059eeb9, pid=92250, tid=70663
#
# JRE version: Java(TM) SE Runtime Environment (8.0_45-b14) (build 1.8.0_45-b14)
# Java VM: Java HotSpot(TM) 64-Bit Server VM (25.45-b02 mixed mode bsd-amd64 compressed oops)
# Problematic frame:
# C  [libzip.dylib+0x2eb9]  newEntry+0x154
#
# Failed to write core dump. Core dumps have been disabled. To enable core dumping, try "ulimit -c unlimited" before starting Java again
#
# If you would like to submit a bug report, please visit:
#   http://bugreport.java.com/bugreport/crash.jsp
# The crash happened outside the Java Virtual Machine in native code.
# See problematic frame for where to report the bug.
#

---------------  T H R E A D  ---------------

Current thread (0x00007fe3ea8d5000):  JavaThread "Thread-1" [_thread_in_native, id=70663, stack(0x0000000128f4c000,0x000000012904c000)]

siginfo: si_signo: 10 (SIGBUS), si_code: 2 (BUS_ADRERR), si_addr: 0x000000011cfdeb85

Registers:
RAX=0x00007fe3e9514c10, RBX=0x000000011cfdeb79, RCX=0x0000000000000001, RDX=0x0000000000000000
RSP=0x000000012904a040, RBP=0x000000012904a0a0, RSI=0x00000000f0ffffff, RDI=0x0000000100324800
R8 =0x0000000000000004, R9 =0x00007fe3ebf00000, R10=0x00000000779d41ab, R11=0x00000000089f78bb
R12=0x00007fe3ea075200, R13=0x00000000000004d0, R14=0x000000005fe7a8c1, R15=0x00007fe3ebe008f0
RIP=0x000000010059eeb9, EFLAGS=0x0000000000010202, ERR=0x0000000000000004
  TRAPNO=0x000000000000000e

Top of Stack: (sp=0x000000012904a040)
0x000000012904a040:   000000012904a0c4 000000002904a0c3
0x000000012904a050:   0000001400000000 00000015008d5000
0x000000012904a060:   000000012904a080 00007fe3e9514c10
0x000000012904a070:   00007fe3ebf16b70 00007fe3e9514c10
0x000000012904a080:   00007fe3ea075200 00000000000004d0
0x000000012904a090:   000000005fe7a8c1 00007fe3ebe008f0
0x000000012904a0a0:   000000012904a100 000000010059f554
0x000000012904a0b0:   000000012904a133 000000012904a132
0x000000012904a0c0:   0000001300000000 00000014018d5000
0x000000012904a0d0:   000000012904a11e 000000012904a568
0x000000012904a0e0:   0000000000000014 000000012904a11e
0x000000012904a0f0:   00007fe3e9514c10 00007fe3ea8d51f8
0x000000012904a100:   000000012904a550 000000010059e34f
0x000000012904a110:   0000000000000000 6572000000000001
0x000000012904a120:   2f73656372756f73 702e726564616568
0x000000012904a130:   0000000129007068 000000012228e560
0x000000012904a140:   00000000000003d8 0000000000000010
0x000000012904a150:   00007fe3e95046d0 0000000101db07e0
0x000000012904a160:   000000012904a100 00007fe3ea8d5000
0x000000012904a170:   00000001221e1500 00007fe3ebf0d0b0
0x000000012904a180:   00007fe3ebf00bb0 00007fe3ebf00bc0
0x000000012904a190:   00007fe3ebf00f98 00000000000003d8
0x000000012904a1a0:   000000012904a330 0000000101daf09a
0x000000012904a1b0:   0000000101daefd0 00007fe300000000
0x000000012904a1c0:   0000000000000000 000000012904a330
0x000000012904a1d0:   000000011acd3190 00007fe3ea8d5000
0x000000012904a1e0:   000000011acd3190 00007fe3ea8d5000
0x000000012904a1f0:   000000011ad61490 00007fe3e95034d0
0x000000012904a200:   000000011acd3190 00000001023ea450
0x000000012904a210:   000000012904a260 000000011acd3190
0x000000012904a220:   00000001023ea450 00007fe3ea8d5000
0x000000012904a230:   0000000000000000 000000011af87ee8 

Instructions: (pc=0x000000010059eeb9)
0x000000010059ee99:   49 8b 7f 38 e8 50 1b 00 00 4d 89 77 38 49 89 5f
0x000000010059eea9:   40 4c 89 f0 48 85 c0 0f 84 11 05 00 00 48 89 c3
0x000000010059eeb9:   0f b6 43 0c 0f b6 4b 0d 48 c1 e1 08 48 01 c1 0f
0x000000010059eec9:   b6 43 0e 0f b6 53 0f 48 c1 e2 08 48 01 c2 48 c1 

Register to memory mapping:

RAX=0x00007fe3e9514c10 is an unknown value
RBX=0x000000011cfdeb79 is an unknown value
RCX=0x0000000000000001 is an unknown value
RDX=0x0000000000000000 is an unknown value
RSP=0x000000012904a040 is pointing into the stack for thread: 0x00007fe3ea8d5000
RBP=0x000000012904a0a0 is pointing into the stack for thread: 0x00007fe3ea8d5000
RSI=0x00000000f0ffffff is an unknown value
RDI=0x0000000100324800 is an unknown value
R8 =0x0000000000000004 is an unknown value
R9 =0x00007fe3ebf00000 is an unknown value
R10=0x00000000779d41ab is an unknown value
R11=0x00000000089f78bb is an unknown value
R12=0x00007fe3ea075200 is an unknown value
R13=0x00000000000004d0 is an unknown value
R14=0x000000005fe7a8c1 is an unknown value
R15=0x00007fe3ebe008f0 is an unknown value


Stack: [0x0000000128f4c000,0x000000012904c000],  sp=0x000000012904a040,  free space=1016k
Native frames: (J=compiled Java code, j=interpreted, Vv=VM code, C=native code)
C  [libzip.dylib+0x2eb9]  newEntry+0x154
C  [libzip.dylib+0x3554]  ZIP_GetEntry2+0xd4
C  [libzip.dylib+0x234f]  Java_java_util_zip_ZipFile_getEntry+0xcf
J 325  java.util.zip.ZipFile.getEntry(J[BZ)J (0 bytes) @ 0x0000000101f22d0e [0x0000000101f22c40+0xce]
J 1868 C2 sun.misc.URLClassPath$JarLoader.getResource(Ljava/lang/String;Z)Lsun/misc/Resource; (85 bytes) @ 0x00000001023eabd4 [0x00000001023ea780+0x454]

Java frames: (J=compiled Java code, j=interpreted, Vv=VM code)
J 325  java.util.zip.ZipFile.getEntry(J[BZ)J (0 bytes) @ 0x0000000101f22c98 [0x0000000101f22c40+0x58]
J 1868 C2 sun.misc.URLClassPath$JarLoader.getResource(Ljava/lang/String;Z)Lsun/misc/Resource; (85 bytes) @ 0x00000001023eabd4 [0x00000001023ea780+0x454]
J 2615 C1 sun.misc.URLClassPath$JarLoader.findResource(Ljava/lang/String;Z)Ljava/net/URL; (18 bytes) @ 0x0000000101fdea2c [0x0000000101fde9a0+0x8c]
j  sun.misc.URLClassPath.findResource(Ljava/lang/String;Z)Ljava/net/URL;+26
j  java.net.URLClassLoader$2.run()Ljava/net/URL;+12
j  java.net.URLClassLoader$2.run()Ljava/lang/Object;+1
v  ~StubRoutines::call_stub
J 1005  java.security.AccessController.doPrivileged(Ljava/security/PrivilegedAction;Ljava/security/AccessControlContext;)Ljava/lang/Object; (0 bytes) @ 0x00000001020e10e3 [0x00000001020e1080+0x63]
j  java.net.URLClassLoader.findResource(Ljava/lang/String;)Ljava/net/URL;+13
j  java.lang.ClassLoader.getResource(Ljava/lang/String;)Ljava/net/URL;+30
j  java.lang.Class.getResource(Ljava/lang/String;)Ljava/net/URL;+22
j  ui.PanelStats.exportToHtml(ZZ)V+75
j  ui.InstructionProcessor.eventOccured()V+2961
j  ui.InstructionProcessor.eventOccured()V+3315
j  ui.InstructionProcessor.eventOccured()V+3315
j  ui.InstructionProcessor.eventOccured()V+3315
j  ui.InstructionProcessor.eventOccured()V+3315
j  ui.InstructionProcessor.eventOccured()V+3315
j  ui.DialogDownload$EventThread.run()V+6
v  ~StubRoutines::call_stub

---------------  P R O C E S S  ---------------

Java Threads: ( => current thread )
=>0x00007fe3ea8d5000 JavaThread "Thread-1" [_thread_in_native, id=70663, stack(0x0000000128f4c000,0x000000012904c000)]
  0x00007fe3eb006800 JavaThread "DestroyJavaVM" [_thread_blocked, id=3335, stack(0x000000010044d000,0x000000010054d000)]
  0x00007fe3eaa08800 JavaThread "AWT-EventQueue-0" [_thread_in_native, id=51715, stack(0x0000000122034000,0x0000000122134000)]
  0x00007fe3eb18c800 JavaThread "Java2D Disposer" daemon [_thread_blocked, id=51203, stack(0x0000000121f31000,0x0000000122031000)]
  0x00007fe3e98d7000 JavaThread "Java2D Queue Flusher" daemon [_thread_blocked, id=47879, stack(0x0000000121646000,0x0000000121746000)]
  0x00007fe3e9852800 JavaThread "TimerQueue" daemon [_thread_blocked, id=30987, stack(0x00000001214dc000,0x00000001215dc000)]
  0x00007fe3ea84e800 JavaThread "AWT-Shutdown" [_thread_blocked, id=28683, stack(0x000000011e9ef000,0x000000011eaef000)]
  0x00007fe3ea092000 JavaThread "AppKit Thread" daemon [_thread_in_native, id=8967, stack(0x00007fff5f0fb000,0x00007fff5f8fb000)]
  0x00007fe3ea04c000 JavaThread "Service Thread" daemon [_thread_blocked, id=19715, stack(0x000000011cd94000,0x000000011ce94000)]
  0x00007fe3eb01c800 JavaThread "C1 CompilerThread2" daemon [_thread_blocked, id=19203, stack(0x000000011cc91000,0x000000011cd91000)]
  0x00007fe3eb018000 JavaThread "C2 CompilerThread1" daemon [_thread_blocked, id=18691, stack(0x000000011cb8e000,0x000000011cc8e000)]
  0x00007fe3eb001000 JavaThread "C2 CompilerThread0" daemon [_thread_in_native, id=18179, stack(0x000000011ca8b000,0x000000011cb8b000)]
  0x00007fe3ea03f800 JavaThread "Signal Dispatcher" daemon [_thread_blocked, id=17667, stack(0x000000011c988000,0x000000011ca88000)]
  0x00007fe3eb014800 JavaThread "Finalizer" daemon [_thread_blocked, id=12547, stack(0x000000011c739000,0x000000011c839000)]
  0x00007fe3ea81b800 JavaThread "Reference Handler" daemon [_thread_blocked, id=12035, stack(0x000000011c636000,0x000000011c736000)]

Other Threads:
  0x00007fe3ea03b000 VMThread [stack: 0x000000011c533000,0x000000011c633000] [id=11523]
  0x00007fe3ea040800 WatcherThread [stack: 0x000000011ce97000,0x000000011cf97000] [id=20227]

VM state:not at safepoint (normal execution)

VM Mutex/Monitor currently owned by a thread: None

Heap:
 PSYoungGen      total 305664K, used 118771K [0x000000076ab00000, 0x0000000790000000, 0x00000007c0000000)
  eden space 262144K, 28% used [0x000000076ab00000,0x000000076f4817b0,0x000000077ab00000)
  from space 43520K, 99% used [0x000000077ab00000,0x000000077d57b518,0x000000077d580000)
  to   space 43520K, 0% used [0x000000078d580000,0x000000078d580000,0x0000000790000000)
 ParOldGen       total 699392K, used 17473K [0x00000006c0000000, 0x00000006eab00000, 0x000000076ab00000)
  object space 699392K, 2% used [0x00000006c0000000,0x00000006c11106c8,0x00000006eab00000)
 Metaspace       used 17573K, capacity 17882K, committed 18048K, reserved 1064960K
  class space    used 2320K, capacity 2403K, committed 2432K, reserved 1048576K

Card table byte_map: [0x0000000111129000,0x000000011192a000] byte_map_base: 0x000000010db29000

Marking Bits: (ParMarkBitMap*) 0x00000001016c27a0
 Begin Bits: [0x000000011228c000, 0x000000011628c000)
 End Bits:   [0x000000011628c000, 0x000000011a28c000)

Polling page: 0x0000000100592000

CodeCache: size=245760Kb used=8734Kb max_used=8745Kb free=237025Kb
 bounds [0x0000000101d69000, 0x0000000102609000, 0x0000000110d69000]
 total_blobs=3084 nmethods=2525 adapters=471
 compilation: enabled

Compilation events (10 events):
Event: 19.372 Thread 0x00007fe3eb01c800 nmethod 2831 0x00000001025f7750 code [0x00000001025f78a0, 0x00000001025f79b0]
Event: 19.373 Thread 0x00007fe3eb01c800 2832       3       java.util.IdentityHashMap$IdentityHashMapIterator::hasNext (50 bytes)
Event: 19.373 Thread 0x00007fe3eb018000 2833       4       java.util.ArrayList::add (29 bytes)
Event: 19.373 Thread 0x00007fe3eb001000 2834       4       javax.swing.plaf.synth.SynthContext::getContext (11 bytes)
Event: 19.380 Thread 0x00007fe3eb018000 nmethod 2833 0x00000001025fae50 code [0x00000001025fafc0, 0x00000001025fb328]
Event: 19.380 Thread 0x00007fe3eb01c800 nmethod 2832 0x00000001025f7a10 code [0x00000001025f7b80, 0x00000001025f7e10]
Event: 19.380 Thread 0x00007fe3eb01c800 2835       3       javax.swing.text.GapContent::resetMarksAtZero (66 bytes)
Event: 19.380 Thread 0x00007fe3eb018000 2836       4       geography.Geometry::makePolys (12 bytes)
Event: 19.381 Thread 0x00007fe3eb01c800 nmethod 2835 0x00000001025fa250 code [0x00000001025fa400, 0x00000001025fabe8]
Event: 19.381 Thread 0x00007fe3eb018000 nmethod 2836 0x0000000102284590 code [0x00000001022846e0, 0x0000000102284788]

GC Heap History (2 events):
Event: 15.147 GC heap before
{Heap before GC invocations=1 (full 0):
 PSYoungGen      total 305664K, used 262144K [0x000000076ab00000, 0x0000000780000000, 0x00000007c0000000)
  eden space 262144K, 100% used [0x000000076ab00000,0x000000077ab00000,0x000000077ab00000)
  from space 43520K, 0% used [0x000000077d580000,0x000000077d580000,0x0000000780000000)
  to   space 43520K, 0% used [0x000000077ab00000,0x000000077ab00000,0x000000077d580000)
 ParOldGen       total 699392K, used 0K [0x00000006c0000000, 0x00000006eab00000, 0x000000076ab00000)
  object space 699392K, 0% used [0x00000006c0000000,0x00000006c0000000,0x00000006eab00000)
 Metaspace       used 17409K, capacity 17626K, committed 17792K, reserved 1064960K
  class space    used 2314K, capacity 2403K, committed 2432K, reserved 1048576K
Event: 15.353 GC heap after
Heap after GC invocations=1 (full 0):
 PSYoungGen      total 305664K, used 43501K [0x000000076ab00000, 0x0000000790000000, 0x00000007c0000000)
  eden space 262144K, 0% used [0x000000076ab00000,0x000000076ab00000,0x000000077ab00000)
  from space 43520K, 99% used [0x000000077ab00000,0x000000077d57b518,0x000000077d580000)
  to   space 43520K, 0% used [0x000000078d580000,0x000000078d580000,0x0000000790000000)
 ParOldGen       total 699392K, used 17473K [0x00000006c0000000, 0x00000006eab00000, 0x000000076ab00000)
  object space 699392K, 2% used [0x00000006c0000000,0x00000006c11106c8,0x00000006eab00000)
 Metaspace       used 17409K, capacity 17626K, committed 17792K, reserved 1064960K
  class space    used 2314K, capacity 2403K, committed 2432K, reserved 1048576K
}

Deoptimization events (10 events):
Event: 14.958 Thread 0x00007fe3ea8d5000 Uncommon trap: reason=unstable_if action=reinterpret pc=0x00000001024fc130 method=java.lang.Integer.parseInt(Ljava/lang/String;I)I @ 197
Event: 15.401 Thread 0x00007fe3eaa08800 Uncommon trap: reason=unstable_if action=reinterpret pc=0x00000001023af328 method=sun.java2d.pipe.BufferedContext.validate(Lsun/java2d/pipe/hw/AccelSurface;Lsun/java2d/pipe/hw/AccelSurface;Lsun/java2d/pipe/Region;Ljava/awt/Composite;Ljava/awt/geom/AffineT
Event: 16.544 Thread 0x00007fe3eaa08800 Uncommon trap: reason=unstable_if action=reinterpret pc=0x000000010207f1dc method=java.lang.ref.SoftReference.get()Ljava/lang/Object; @ 17
Event: 17.055 Thread 0x00007fe3eaa08800 Uncommon trap: reason=unstable_if action=reinterpret pc=0x0000000102082fd8 method=java.lang.ref.SoftReference.get()Ljava/lang/Object; @ 17
Event: 17.183 Thread 0x00007fe3ea8d5000 Uncommon trap: reason=class_check action=maybe_recompile pc=0x0000000102289b38 method=javax.swing.RepaintManager.addDirtyRegion0(Ljava/awt/Container;IIII)V @ 99
Event: 17.183 Thread 0x00007fe3ea8d5000 Uncommon trap: reason=class_check action=maybe_recompile pc=0x000000010200d060 method=javax.swing.RepaintManager.addDirtyRegion0(Ljava/awt/Container;IIII)V @ 99
Event: 17.184 Thread 0x00007fe3ea8d5000 Uncommon trap: reason=class_check action=maybe_recompile pc=0x0000000102289b38 method=javax.swing.RepaintManager.addDirtyRegion0(Ljava/awt/Container;IIII)V @ 99
Event: 17.184 Thread 0x00007fe3ea8d5000 Uncommon trap: reason=class_check action=maybe_recompile pc=0x000000010200d060 method=javax.swing.RepaintManager.addDirtyRegion0(Ljava/awt/Container;IIII)V @ 99
Event: 17.185 Thread 0x00007fe3ea8d5000 Uncommon trap: reason=class_check action=maybe_recompile pc=0x0000000102289b38 method=javax.swing.RepaintManager.addDirtyRegion0(Ljava/awt/Container;IIII)V @ 99
Event: 17.185 Thread 0x00007fe3ea8d5000 Uncommon trap: reason=class_check action=maybe_recompile pc=0x0000000101e7b134 method=javax.swing.RepaintManager.addDirtyRegion0(Ljava/awt/Container;IIII)V @ 99

Internal exceptions (10 events):
Event: 4.724 Thread 0x00007fe3eb006800 Exception <a 'java/lang/NullPointerException'> (0x000000076db697c0) thrown at [/Users/java_re/workspace/8-2-build-macosx-x86_64/jdk8u45/3457/hotspot/src/share/vm/prims/jni.cpp, line 735]
Event: 6.443 Thread 0x00007fe3eb559800 Implicit null exception at 0x00000001023bf346 to 0x00000001023bf58d
Event: 8.499 Thread 0x00007fe3ea8d5000 Implicit null exception at 0x0000000101fdb8bd to 0x0000000101fdbc21
Event: 10.518 Thread 0x00007fe3ea8d5000 Implicit null exception at 0x0000000101fdb8bd to 0x0000000101fdbc21
Event: 12.953 Thread 0x00007fe3ea8d5000 Implicit null exception at 0x0000000101fdb8bd to 0x0000000101fdbc21
Event: 15.355 Thread 0x00007fe3eb014800 Exception <a 'java/lang/NullPointerException'> (0x000000076b01f0a8) thrown at [/Users/java_re/workspace/8-2-build-macosx-x86_64/jdk8u45/3457/hotspot/src/share/vm/interpreter/linkResolver.cpp, line 1178]
Event: 15.355 Thread 0x00007fe3eb014800 Exception <a 'java/lang/NullPointerException'> (0x000000076b01f258) thrown at [/Users/java_re/workspace/8-2-build-macosx-x86_64/jdk8u45/3457/hotspot/src/share/vm/interpreter/linkResolver.cpp, line 1178]
Event: 15.355 Thread 0x00007fe3eb014800 Exception <a 'java/lang/NullPointerException'> (0x000000076b01f408) thrown at [/Users/java_re/workspace/8-2-build-macosx-x86_64/jdk8u45/3457/hotspot/src/share/vm/interpreter/linkResolver.cpp, line 1178]
Event: 15.355 Thread 0x00007fe3eb014800 Exception <a 'java/lang/NullPointerException'> (0x000000076b01f5c8) thrown at [/Users/java_re/workspace/8-2-build-macosx-x86_64/jdk8u45/3457/hotspot/src/share/vm/interpreter/linkResolver.cpp, line 1178]
Event: 15.356 Thread 0x00007fe3eb014800 Exception <a 'java/lang/NullPointerException'> (0x000000076b01f778) thrown at [/Users/java_re/workspace/8-2-build-macosx-x86_64/jdk8u45/3457/hotspot/src/share/vm/interpreter/linkResolver.cpp, line 1178]

Events (10 events):
Event: 17.449 Executing VM operation: RevokeBias
Event: 17.449 Executing VM operation: RevokeBias done
Event: 17.449 Executing VM operation: RevokeBias
Event: 17.449 Executing VM operation: RevokeBias done
Event: 17.449 Executing VM operation: RevokeBias
Event: 17.449 Executing VM operation: RevokeBias done
Event: 17.449 Executing VM operation: RevokeBias
Event: 17.450 Executing VM operation: RevokeBias done
Event: 17.450 Executing VM operation: BulkRevokeBias
Event: 17.450 Executing VM operation: BulkRevokeBias done


Dynamic libraries:
0x0000000004529000 	/System/Library/Frameworks/Cocoa.framework/Versions/A/Cocoa
0x0000000004529000 	/System/Library/Frameworks/Security.framework/Versions/A/Security
0x0000000004529000 	/System/Library/Frameworks/ApplicationServices.framework/Versions/A/ApplicationServices
0x0000000004529000 	/usr/lib/libz.1.dylib
0x0000000004529000 	/usr/lib/libSystem.B.dylib
0x0000000004529000 	/usr/lib/libobjc.A.dylib
0x0000000004529000 	/System/Library/Frameworks/CoreFoundation.framework/Versions/A/CoreFoundation
0x0000000004529000 	/System/Library/Frameworks/Foundation.framework/Versions/C/Foundation
0x0000000004529000 	/System/Library/Frameworks/AppKit.framework/Versions/C/AppKit
0x0000000004529000 	/System/Library/Frameworks/CoreData.framework/Versions/A/CoreData
0x0000000004529000 	/System/Library/PrivateFrameworks/RemoteViewServices.framework/Versions/A/RemoteViewServices
0x0000000004529000 	/System/Library/Frameworks/AudioToolbox.framework/Versions/A/AudioToolbox
0x0000000004529000 	/System/Library/Frameworks/AudioUnit.framework/Versions/A/AudioUnit
0x0000000004529000 	/System/Library/PrivateFrameworks/DataDetectorsCore.framework/Versions/A/DataDetectorsCore
0x0000000004529000 	/System/Library/PrivateFrameworks/DesktopServicesPriv.framework/Versions/A/DesktopServicesPriv
0x0000000004529000 	/System/Library/Frameworks/Carbon.framework/Versions/A/Frameworks/HIToolbox.framework/Versions/A/HIToolbox
0x0000000004529000 	/System/Library/Frameworks/QuartzCore.framework/Versions/A/QuartzCore
0x0000000004529000 	/System/Library/Frameworks/Carbon.framework/Versions/A/Frameworks/SpeechRecognition.framework/Versions/A/SpeechRecognition
0x0000000004529000 	/usr/lib/libauto.dylib
0x0000000004529000 	/usr/lib/libicucore.A.dylib
0x0000000004529000 	/usr/lib/libxml2.2.dylib
0x0000000004529000 	/System/Library/PrivateFrameworks/CoreUI.framework/Versions/A/CoreUI
0x0000000004529000 	/System/Library/Frameworks/CoreAudio.framework/Versions/A/CoreAudio
0x0000000004529000 	/System/Library/Frameworks/DiskArbitration.framework/Versions/A/DiskArbitration
0x0000000004529000 	/usr/lib/liblangid.dylib
0x0000000004529000 	/System/Library/PrivateFrameworks/MultitouchSupport.framework/Versions/A/MultitouchSupport
0x0000000004529000 	/System/Library/Frameworks/IOKit.framework/Versions/A/IOKit
0x0000000004529000 	/usr/lib/libDiagnosticMessagesClient.dylib
0x0000000004529000 	/System/Library/Frameworks/CoreServices.framework/Versions/A/CoreServices
0x0000000004529000 	/System/Library/PrivateFrameworks/PerformanceAnalysis.framework/Versions/A/PerformanceAnalysis
0x0000000004529000 	/System/Library/PrivateFrameworks/GenerationalStorage.framework/Versions/A/GenerationalStorage
0x0000000004529000 	/System/Library/Frameworks/OpenGL.framework/Versions/A/OpenGL
0x0000000004529000 	/System/Library/PrivateFrameworks/Sharing.framework/Versions/A/Sharing
0x0000000004529000 	/System/Library/Frameworks/ImageIO.framework/Versions/A/ImageIO
0x0000000004529000 	/System/Library/Frameworks/CoreText.framework/Versions/A/CoreText
0x0000000004529000 	/System/Library/Frameworks/CoreGraphics.framework/Versions/A/CoreGraphics
0x0000000004529000 	/System/Library/PrivateFrameworks/Backup.framework/Versions/A/Backup
0x0000000004529000 	/System/Library/Frameworks/CFNetwork.framework/Versions/A/CFNetwork
0x0000000004529000 	/System/Library/Frameworks/SystemConfiguration.framework/Versions/A/SystemConfiguration
0x0000000004529000 	/usr/lib/libCRFSuite.dylib
0x0000000004529000 	/usr/lib/libc++.1.dylib
0x0000000004529000 	/usr/lib/libc++abi.dylib
0x0000000004529000 	/usr/lib/system/libcache.dylib
0x0000000004529000 	/usr/lib/system/libcommonCrypto.dylib
0x0000000004529000 	/usr/lib/system/libcompiler_rt.dylib
0x0000000004529000 	/usr/lib/system/libcopyfile.dylib
0x0000000004529000 	/usr/lib/system/libcorecrypto.dylib
0x0000000004529000 	/usr/lib/system/libdispatch.dylib
0x0000000004529000 	/usr/lib/system/libdyld.dylib
0x0000000004529000 	/usr/lib/system/libkeymgr.dylib
0x0000000004529000 	/usr/lib/system/liblaunch.dylib
0x0000000004529000 	/usr/lib/system/libmacho.dylib
0x0000000004529000 	/usr/lib/system/libquarantine.dylib
0x0000000004529000 	/usr/lib/system/libremovefile.dylib
0x0000000004529000 	/usr/lib/system/libsystem_asl.dylib
0x0000000004529000 	/usr/lib/system/libsystem_blocks.dylib
0x0000000004529000 	/usr/lib/system/libsystem_c.dylib
0x0000000004529000 	/usr/lib/system/libsystem_configuration.dylib
0x0000000004529000 	/usr/lib/system/libsystem_dnssd.dylib
0x0000000004529000 	/usr/lib/system/libsystem_info.dylib
0x0000000004529000 	/usr/lib/system/libsystem_kernel.dylib
0x0000000004529000 	/usr/lib/system/libsystem_m.dylib
0x0000000004529000 	/usr/lib/system/libsystem_malloc.dylib
0x0000000004529000 	/usr/lib/system/libsystem_network.dylib
0x0000000004529000 	/usr/lib/system/libsystem_notify.dylib
0x0000000004529000 	/usr/lib/system/libsystem_platform.dylib
0x0000000004529000 	/usr/lib/system/libsystem_pthread.dylib
0x0000000004529000 	/usr/lib/system/libsystem_sandbox.dylib
0x0000000004529000 	/usr/lib/system/libsystem_stats.dylib
0x0000000004529000 	/usr/lib/system/libunc.dylib
0x0000000004529000 	/usr/lib/system/libunwind.dylib
0x0000000004529000 	/usr/lib/system/libxpc.dylib
0x0000000004529000 	/usr/lib/libbsm.0.dylib
0x0000000004529000 	/usr/lib/libsqlite3.dylib
0x0000000004529000 	/usr/lib/libxar.1.dylib
0x0000000004529000 	/usr/lib/libpam.2.dylib
0x0000000004529000 	/usr/lib/libOpenScriptingUtil.dylib
0x0000000004529000 	/usr/lib/libbz2.1.0.dylib
0x0000000004529000 	/System/Library/Frameworks/CoreServices.framework/Versions/A/Frameworks/CarbonCore.framework/Versions/A/CarbonCore
0x0000000004529000 	/System/Library/Frameworks/CoreServices.framework/Versions/A/Frameworks/Metadata.framework/Versions/A/Metadata
0x0000000004529000 	/System/Library/Frameworks/CoreServices.framework/Versions/A/Frameworks/OSServices.framework/Versions/A/OSServices
0x0000000004529000 	/System/Library/Frameworks/CoreServices.framework/Versions/A/Frameworks/SearchKit.framework/Versions/A/SearchKit
0x0000000004529000 	/System/Library/Frameworks/CoreServices.framework/Versions/A/Frameworks/AE.framework/Versions/A/AE
0x0000000004529000 	/System/Library/Frameworks/CoreServices.framework/Versions/A/Frameworks/LaunchServices.framework/Versions/A/LaunchServices
0x0000000004529000 	/System/Library/Frameworks/CoreServices.framework/Versions/A/Frameworks/DictionaryServices.framework/Versions/A/DictionaryServices
0x0000000004529000 	/System/Library/Frameworks/NetFS.framework/Versions/A/NetFS
0x0000000004529000 	/usr/lib/system/libkxld.dylib
0x0000000004529000 	/System/Library/PrivateFrameworks/NetAuth.framework/Versions/A/NetAuth
0x0000000004529000 	/System/Library/PrivateFrameworks/TCC.framework/Versions/A/TCC
0x0000000004529000 	/System/Library/Frameworks/OpenDirectory.framework/Versions/A/Frameworks/CFOpenDirectory.framework/Versions/A/CFOpenDirectory
0x0000000004529000 	/System/Library/Frameworks/ServiceManagement.framework/Versions/A/ServiceManagement
0x0000000004529000 	/usr/lib/libxslt.1.dylib
0x0000000004529000 	/System/Library/Frameworks/Carbon.framework/Versions/A/Frameworks/Ink.framework/Versions/A/Ink
0x0000000004529000 	/System/Library/Frameworks/ApplicationServices.framework/Versions/A/Frameworks/ATS.framework/Versions/A/ATS
0x0000000004529000 	/System/Library/Frameworks/ApplicationServices.framework/Versions/A/Frameworks/ColorSync.framework/Versions/A/ColorSync
0x0000000004529000 	/System/Library/Frameworks/ApplicationServices.framework/Versions/A/Frameworks/HIServices.framework/Versions/A/HIServices
0x0000000004529000 	/System/Library/Frameworks/ApplicationServices.framework/Versions/A/Frameworks/LangAnalysis.framework/Versions/A/LangAnalysis
0x0000000004529000 	/System/Library/Frameworks/ApplicationServices.framework/Versions/A/Frameworks/PrintCore.framework/Versions/A/PrintCore
0x0000000004529000 	/System/Library/Frameworks/ApplicationServices.framework/Versions/A/Frameworks/QD.framework/Versions/A/QD
0x0000000004529000 	/System/Library/Frameworks/ApplicationServices.framework/Versions/A/Frameworks/SpeechSynthesis.framework/Versions/A/SpeechSynthesis
0x0000000004529000 	/System/Library/Frameworks/IOSurface.framework/Versions/A/IOSurface
0x0000000004529000 	/System/Library/Frameworks/Accelerate.framework/Versions/A/Accelerate
0x0000000004529000 	/System/Library/Frameworks/Accelerate.framework/Versions/A/Frameworks/vImage.framework/Versions/A/vImage
0x0000000004529000 	/System/Library/Frameworks/Accelerate.framework/Versions/A/Frameworks/vecLib.framework/Versions/A/vecLib
0x0000000004529000 	/System/Library/Frameworks/Accelerate.framework/Versions/A/Frameworks/vecLib.framework/Versions/A/libvDSP.dylib
0x0000000004529000 	/System/Library/Frameworks/Accelerate.framework/Versions/A/Frameworks/vecLib.framework/Versions/A/libvMisc.dylib
0x0000000004529000 	/System/Library/Frameworks/Accelerate.framework/Versions/A/Frameworks/vecLib.framework/Versions/A/libLAPACK.dylib
0x0000000004529000 	/System/Library/Frameworks/Accelerate.framework/Versions/A/Frameworks/vecLib.framework/Versions/A/libBLAS.dylib
0x0000000004529000 	/System/Library/Frameworks/ApplicationServices.framework/Versions/A/Frameworks/ATS.framework/Versions/A/Resources/libFontParser.dylib
0x0000000004529000 	/System/Library/Frameworks/ApplicationServices.framework/Versions/A/Frameworks/ATS.framework/Versions/A/Resources/libFontRegistry.dylib
0x0000000004529000 	/System/Library/Frameworks/ImageIO.framework/Versions/A/Resources/libJPEG.dylib
0x0000000004529000 	/System/Library/Frameworks/ImageIO.framework/Versions/A/Resources/libTIFF.dylib
0x0000000004529000 	/System/Library/Frameworks/ImageIO.framework/Versions/A/Resources/libPng.dylib
0x0000000004529000 	/System/Library/Frameworks/ImageIO.framework/Versions/A/Resources/libGIF.dylib
0x0000000004529000 	/System/Library/Frameworks/ImageIO.framework/Versions/A/Resources/libJP2.dylib
0x0000000004529000 	/System/Library/Frameworks/ImageIO.framework/Versions/A/Resources/libRadiance.dylib
0x0000000004529000 	/usr/lib/libcups.2.dylib
0x0000000004529000 	/System/Library/Frameworks/Kerberos.framework/Versions/A/Kerberos
0x0000000004529000 	/System/Library/Frameworks/GSS.framework/Versions/A/GSS
0x0000000004529000 	/usr/lib/libresolv.9.dylib
0x0000000004529000 	/usr/lib/libiconv.2.dylib
0x0000000004529000 	/System/Library/PrivateFrameworks/Heimdal.framework/Versions/A/Heimdal
0x0000000004529000 	/System/Library/PrivateFrameworks/TrustEvaluationAgent.framework/Versions/A/TrustEvaluationAgent
0x0000000004529000 	/usr/lib/libheimdal-asn1.dylib
0x0000000004529000 	/System/Library/Frameworks/OpenDirectory.framework/Versions/A/OpenDirectory
0x0000000004529000 	/System/Library/PrivateFrameworks/CommonAuth.framework/Versions/A/CommonAuth
0x0000000004529000 	/System/Library/Frameworks/SecurityFoundation.framework/Versions/A/SecurityFoundation
0x0000000004529000 	/System/Library/PrivateFrameworks/Bom.framework/Versions/A/Bom
0x0000000004529000 	/System/Library/Frameworks/CoreVideo.framework/Versions/A/CoreVideo
0x0000000004529000 	/System/Library/Frameworks/QuartzCore.framework/Versions/A/Frameworks/CoreImage.framework/Versions/A/CoreImage
0x0000000004529000 	/System/Library/Frameworks/QuartzCore.framework/Versions/A/Frameworks/ScalableUserInterface.framework/Versions/A/ScalableUserInterface
0x0000000004529000 	/System/Library/Frameworks/OpenGL.framework/Versions/A/Libraries/libGLU.dylib
0x0000000004529000 	/System/Library/Frameworks/OpenGL.framework/Versions/A/Libraries/libGFXShared.dylib
0x0000000004529000 	/System/Library/Frameworks/OpenGL.framework/Versions/A/Libraries/libGL.dylib
0x0000000004529000 	/System/Library/Frameworks/OpenGL.framework/Versions/A/Libraries/libGLImage.dylib
0x0000000004529000 	/System/Library/Frameworks/OpenGL.framework/Versions/A/Libraries/libCVMSPluginSupport.dylib
0x0000000004529000 	/System/Library/Frameworks/OpenGL.framework/Versions/A/Libraries/libCoreVMClient.dylib
0x0000000004529000 	/System/Library/PrivateFrameworks/FaceCore.framework/Versions/A/FaceCore
0x0000000004529000 	/System/Library/PrivateFrameworks/CrashReporterSupport.framework/Versions/A/CrashReporterSupport
0x0000000004529000 	/System/Library/Frameworks/OpenCL.framework/Versions/A/OpenCL
0x0000000004529000 	/System/Library/PrivateFrameworks/AppleFSCompression.framework/Versions/A/AppleFSCompression
0x0000000004529000 	/System/Library/PrivateFrameworks/Ubiquity.framework/Versions/A/Ubiquity
0x0000000004529000 	/System/Library/PrivateFrameworks/IconServices.framework/Versions/A/IconServices
0x0000000004529000 	/System/Library/PrivateFrameworks/ChunkingLibrary.framework/Versions/A/ChunkingLibrary
0x0000000004529000 	/System/Library/PrivateFrameworks/CoreSymbolication.framework/Versions/A/CoreSymbolication
0x0000000004529000 	/System/Library/PrivateFrameworks/Symbolication.framework/Versions/A/Symbolication
0x0000000004529000 	/System/Library/PrivateFrameworks/DebugSymbols.framework/Versions/A/DebugSymbols
0x0000000100e00000 	/Library/Java/JavaVirtualMachines/jdk1.8.0_45.jdk/Contents/Home/jre/lib/server/libjvm.dylib
0x0000000004529000 	/usr/lib/libstdc++.6.dylib
0x000000010054f000 	/Library/Java/JavaVirtualMachines/jdk1.8.0_45.jdk/Contents/Home/jre/lib/libverify.dylib
0x000000010055d000 	/Library/Java/JavaVirtualMachines/jdk1.8.0_45.jdk/Contents/Home/jre/lib/libjava.dylib
0x000000010059c000 	/Library/Java/JavaVirtualMachines/jdk1.8.0_45.jdk/Contents/Home/jre/lib/libzip.dylib
0x000000011c83b000 	/System/Library/Frameworks/JavaVM.framework/Frameworks/JavaRuntimeSupport.framework/JavaRuntimeSupport
0x000000011c853000 	/System/Library/Frameworks/JavaVM.framework/Versions/A/Frameworks/JavaNativeFoundation.framework/Versions/A/JavaNativeFoundation
0x000000011c868000 	/System/Library/Frameworks/JavaVM.framework/Versions/A/JavaVM
0x0000000004529000 	/System/Library/Frameworks/Carbon.framework/Versions/A/Carbon
0x000000011c875000 	/System/Library/PrivateFrameworks/JavaLaunching.framework/Versions/A/JavaLaunching
0x0000000004529000 	/System/Library/Frameworks/Carbon.framework/Versions/A/Frameworks/CommonPanels.framework/Versions/A/CommonPanels
0x0000000004529000 	/System/Library/Frameworks/Carbon.framework/Versions/A/Frameworks/Help.framework/Versions/A/Help
0x0000000004529000 	/System/Library/Frameworks/Carbon.framework/Versions/A/Frameworks/ImageCapture.framework/Versions/A/ImageCapture
0x0000000004529000 	/System/Library/Frameworks/Carbon.framework/Versions/A/Frameworks/OpenScripting.framework/Versions/A/OpenScripting
0x0000000004529000 	/System/Library/Frameworks/Carbon.framework/Versions/A/Frameworks/Print.framework/Versions/A/Print
0x0000000004529000 	/System/Library/Frameworks/Carbon.framework/Versions/A/Frameworks/SecurityHI.framework/Versions/A/SecurityHI
0x000000011cfe4000 	/Library/Java/JavaVirtualMachines/jdk1.8.0_45.jdk/Contents/Home/jre/lib/libawt.dylib
0x000000011d08c000 	/Library/Java/JavaVirtualMachines/jdk1.8.0_45.jdk/Contents/Home/jre/lib/./libmlib_image.dylib
0x000000011d158000 	/Library/Java/JavaVirtualMachines/jdk1.8.0_45.jdk/Contents/Home/jre/lib/libawt_lwawt.dylib
0x000000011d20c000 	/Library/Java/JavaVirtualMachines/jdk1.8.0_45.jdk/Contents/Home/jre/lib/./libosxapp.dylib
0x0000000004529000 	/System/Library/Frameworks/ExceptionHandling.framework/Versions/A/ExceptionHandling
0x0000000004529000 	/System/Library/PrivateFrameworks/CoreServicesInternal.framework/Versions/A/CoreServicesInternal
0x0000000004529000 	/System/Library/PrivateFrameworks/Librarian.framework/Versions/A/Librarian
0x0000000004529000 	/System/Library/Frameworks/CoreGraphics.framework/Versions/A/Resources/libCGCMS.A.dylib
0x0000000004529000 	/System/Library/Frameworks/CoreGraphics.framework/Versions/A/Resources/libRIP.A.dylib
0x0000000004529000 	/System/Library/Frameworks/CoreGraphics.framework/Versions/A/Resources/libCGXType.A.dylib
0x0000000004529000 	/System/Library/PrivateFrameworks/FamilyControls.framework/Versions/A/FamilyControls
0x0000000004529000 	/System/Library/PrivateFrameworks/CommerceKit.framework/Versions/A/Frameworks/CommerceCore.framework/Versions/A/CommerceCore
0x0000000004529000 	/System/Library/PrivateFrameworks/SystemAdministration.framework/Versions/A/SystemAdministration
0x0000000004529000 	/System/Library/Frameworks/DirectoryService.framework/Versions/A/DirectoryService
0x0000000004529000 	/System/Library/PrivateFrameworks/DiskImages.framework/Versions/A/DiskImages
0x0000000004529000 	/System/Library/PrivateFrameworks/LoginUIKit.framework/Versions/A/Frameworks/LoginUICore.framework/Versions/A/LoginUICore
0x0000000004529000 	/usr/lib/libCoreStorage.dylib
0x0000000004529000 	/usr/lib/libcsfde.dylib
0x0000000004529000 	/usr/lib/libodfde.dylib
0x0000000004529000 	/System/Library/Frameworks/DiscRecording.framework/Versions/A/DiscRecording
0x0000000004529000 	/usr/lib/libcurl.4.dylib
0x0000000004529000 	/System/Library/PrivateFrameworks/MediaKit.framework/Versions/A/MediaKit
0x0000000004529000 	/System/Library/PrivateFrameworks/EFILogin.framework/Versions/A/EFILogin
0x0000000004529000 	/usr/lib/libutil.dylib
0x0000000004529000 	/System/Library/PrivateFrameworks/AOSNotification.framework/Versions/A/AOSNotification
0x0000000004529000 	/System/Library/Frameworks/LDAP.framework/Versions/A/LDAP
0x0000000004529000 	/usr/lib/libsasl2.2.dylib
0x0000000004529000 	/usr/lib/libcrypto.0.9.8.dylib
0x0000000004529000 	/usr/lib/libssl.0.9.8.dylib
0x00000001215de000 	/Library/Java/JavaVirtualMachines/jdk1.8.0_45.jdk/Contents/Home/jre/lib/libfontmanager.dylib
0x000000011ed9f000 	/Library/Java/JavaVirtualMachines/jdk1.8.0_45.jdk/Contents/Home/jre/lib/libosxui.dylib
0x0000000004529000 	/System/Library/Frameworks/OpenGL.framework/Versions/A/Resources/GLEngine.bundle/GLEngine
0x0000000004529000 	/System/Library/Frameworks/OpenGL.framework/Versions/A/Libraries/libGLProgrammability.dylib
0x0000000121748000 	/System/Library/Extensions/AppleIntelHD3000GraphicsGLDriver.bundle/Contents/MacOS/AppleIntelHD3000GraphicsGLDriver
0x000000011eda9000 	/System/Library/PrivateFrameworks/GPUSupport.framework/Versions/A/Libraries/libGPUSupport.dylib
0x0000000004529000 	/System/Library/Frameworks/OpenGL.framework/Versions/A/Resources/GLRendererFloat.bundle/GLRendererFloat
0x0000000004529000 	/System/Library/Frameworks/OpenCL.framework/Versions/A/Libraries/libcldcpuengine.dylib
0x00000001223e7000 	/Library/Java/JavaVirtualMachines/jdk1.8.0_45.jdk/Contents/Home/jre/lib/libnet.dylib
0x0000000122349000 	/Library/Java/JavaVirtualMachines/jdk1.8.0_45.jdk/Contents/Home/jre/lib/libnio.dylib
0x0000000127188000 	/Library/Java/JavaVirtualMachines/jdk1.8.0_45.jdk/Contents/Home/jre/lib/libdcpr.dylib

VM Arguments:
jvm_args: -Xmx4096M -Xms1024M 
java_command: autoredistrict.jar run subscript10
java_class_path (initial): autoredistrict.jar
Launcher Type: SUN_STANDARD

Environment Variables:
PATH=/opt/local/bin:/opt/local/sbin:/usr/bin:/bin:/usr/sbin:/sbin:/usr/local/bin
SHELL=/bin/bash

Signal Handlers:
SIGSEGV: [libjvm.dylib+0x58ef95], sa_mask[0]=11111111011111110111111111111111, sa_flags=SA_ONSTACK|SA_RESTART|SA_SIGINFO
SIGBUS: [libjvm.dylib+0x58ef95], sa_mask[0]=11111111011111110111111111111111, sa_flags=SA_RESTART|SA_SIGINFO
SIGFPE: [libjvm.dylib+0x46c108], sa_mask[0]=11111111011111110111111111111111, sa_flags=SA_RESTART|SA_SIGINFO
SIGPIPE: [libjvm.dylib+0x46c108], sa_mask[0]=11111111011111110111111111111111, sa_flags=SA_RESTART|SA_SIGINFO
SIGXFSZ: [libjvm.dylib+0x46c108], sa_mask[0]=11111111011111110111111111111111, sa_flags=SA_RESTART|SA_SIGINFO
SIGILL: [libjvm.dylib+0x46c108], sa_mask[0]=11111111011111110111111111111111, sa_flags=SA_RESTART|SA_SIGINFO
SIGUSR1: SIG_DFL, sa_mask[0]=11011111011111100000000111000110, sa_flags=none
SIGUSR2: [libjvm.dylib+0x46bc26], sa_mask[0]=00000000000000000000000000000000, sa_flags=SA_RESTART|SA_SIGINFO
SIGHUP: [libjvm.dylib+0x46a1f9], sa_mask[0]=11111111011111110111111111111111, sa_flags=SA_RESTART|SA_SIGINFO
SIGINT: [libjvm.dylib+0x46a1f9], sa_mask[0]=11111111011111110111111111111111, sa_flags=SA_RESTART|SA_SIGINFO
SIGTERM: [libjvm.dylib+0x46a1f9], sa_mask[0]=11111111011111110111111111111111, sa_flags=SA_RESTART|SA_SIGINFO
SIGQUIT: [libjvm.dylib+0x46a1f9], sa_mask[0]=11111111011111110111111111111111, sa_flags=SA_RESTART|SA_SIGINFO


---------------  S Y S T E M  ---------------

OS:Bsduname:Darwin 13.4.0 Darwin Kernel Version 13.4.0: Mon Jan 11 18:17:34 PST 2016; root:xnu-2422.115.15~1/RELEASE_X86_64 x86_64
rlimit: STACK 8192k, CORE 0k, NPROC 709, NOFILE 10240, AS infinity
load average:3.86 3.26 2.73

CPU:total 4 (2 cores per cpu, 2 threads per core) family 6 model 42 stepping 7, cmov, cx8, fxsr, mmx, sse, sse2, sse3, ssse3, sse4.1, sse4.2, popcnt, avx, aes, clmul, ht, tsc, tscinvbit

Memory: 4k page, physical 4194304k(20184k free)

/proc/meminfo:


vm_info: Java HotSpot(TM) 64-Bit Server VM (25.45-b02) for bsd-amd64 JRE (1.8.0_45-b14), built on Apr 10 2015 10:46:38 by "java_re" with gcc 4.2.1 (Based on Apple Inc. build 5658) (LLVM build 2336.11.00)

time: Thu Apr 28 18:31:09 2016
elapsed time: 19 seconds (0d 0h 0m 19s)

